# JRE version: OpenJDK Runtime Environment Temurin-21.0.10+7 (21.0.10+7) (build 21.0.10+7-LTS)
# Java VM: OpenJDK 64-Bit Server VM Temurin-21.0.10+7 (21.0.10+7-LTS, mixed mode, sharing, tiered, compressed oops, compressed class ptrs, parallel gc, windows-amd64)
GC Precious Log:
 CardTable entry size: 512
 CPUs: 8 total, 8 available
 Memory: 16000M
 Large Page Support: Disabled
 NUMA Support: Disabled
 Compressed Oops: Enabled (32-bit)
 Alignments: Space 512K, Generation 512K, Heap 2M
 Heap Min Capacity: 100M
 Heap Initial Capacity: 100M
 Heap Max Capacity: 2G
 Pre-touch: Disabled
 Parallel Workers: 8
Heap:
 PSYoungGen      total 6656K, used 3096K [0x00000000d5580000, 0x00000000d5f80000, 0x0000000100000000)
  eden space 6144K, 45% used [0x00000000d5580000,0x00000000d58378f8,0x00000000d5b80000)
  from space 512K, 61% used [0x00000000d5f00000,0x00000000d5f4e900,0x00000000d5f80000)
  to   space 1536K, 0% used [0x00000000d5c80000,0x00000000d5c80000,0x00000000d5e00000)
 ParOldGen       total 392704K, used 392385K [0x0000000080000000, 0x0000000097f80000, 0x00000000d5580000)
  object space 392704K, 99% used [0x0000000080000000,0x0000000097f30508,0x0000000097f80000)
 Metaspace       used 75390K, committed 77056K, reserved 1179648K
  class space    used 7791K, committed 8512K, reserved 1048576K
GC Heap History (20 events):
Event: 1428.175 GC heap before
{Heap before GC invocations=258 (full 3):
 PSYoungGen      total 4096K, used 3648K [0x00000000d5580000, 0x00000000d5c80000, 0x0000000100000000)
  eden space 2048K, 100% used [0x00000000d5580000,0x00000000d5780000,0x00000000d5780000)
  from space 2048K, 78% used [0x00000000d5a80000,0x00000000d5c10000,0x00000000d5c80000)
  to   space 2048K, 0% used [0x00000000d5880000,0x00000000d5880000,0x00000000d5a80000)
 ParOldGen       total 335872K, used 335416K [0x0000000080000000, 0x0000000094800000, 0x00000000d5580000)
  object space 335872K, 99% used [0x0000000080000000,0x000000009478e338,0x0000000094800000)
 Metaspace       used 75196K, committed 76864K, reserved 1179648K
  class space    used 7776K, committed 8512K, reserved 1048576K
}
Event: 1428.178 GC heap after
{Heap after GC invocations=258 (full 3):
 PSYoungGen      total 4608K, used 2048K [0x00000000d5580000, 0x00000000d6000000, 0x0000000100000000)
  eden space 2560K, 0% used [0x00000000d5580000,0x00000000d5580000,0x00000000d5800000)
  from space 2048K, 100% used [0x00000000d5880000,0x00000000d5a80000,0x00000000d5a80000)
  to   space 4096K, 0% used [0x00000000d5c00000,0x00000000d5c00000,0x00000000d6000000)
 ParOldGen       total 337408K, used 336952K [0x0000000080000000, 0x0000000094980000, 0x00000000d5580000)
  object space 337408K, 99% used [0x0000000080000000,0x000000009490e338,0x0000000094980000)
 Metaspace       used 75196K, committed 76864K, reserved 1179648K
  class space    used 7776K, committed 8512K, reserved 1048576K
}
Event: 1428.181 GC heap before
{Heap before GC invocations=259 (full 3):
 PSYoungGen      total 4608K, used 4608K [0x00000000d5580000, 0x00000000d6000000, 0x0000000100000000)
  eden space 2560K, 100% used [0x00000000d5580000,0x00000000d5800000,0x00000000d5800000)
  from space 2048K, 100% used [0x00000000d5880000,0x00000000d5a80000,0x00000000d5a80000)
  to   space 4096K, 0% used [0x00000000d5c00000,0x00000000d5c00000,0x00000000d6000000)
 ParOldGen       total 337408K, used 336952K [0x0000000080000000, 0x0000000094980000, 0x00000000d5580000)
  object space 337408K, 99% used [0x0000000080000000,0x000000009490e338,0x0000000094980000)
 Metaspace       used 75196K, committed 76864K, reserved 1179648K
  class space    used 7776K, committed 8512K, reserved 1048576K
}
Event: 1428.184 GC heap after
{Heap after GC invocations=259 (full 3):
 PSYoungGen      total 6144K, used 2656K [0x00000000d5580000, 0x00000000d5f00000, 0x0000000100000000)
  eden space 3072K, 0% used [0x00000000d5580000,0x00000000d5580000,0x00000000d5880000)
  from space 3072K, 86% used [0x00000000d5c00000,0x00000000d5e98000,0x00000000d5f00000)
  to   space 3072K, 0% used [0x00000000d5900000,0x00000000d5900000,0x00000000d5c00000)
 ParOldGen       total 339456K, used 338992K [0x0000000080000000, 0x0000000094b80000, 0x00000000d5580000)
  object space 339456K, 99% used [0x0000000080000000,0x0000000094b0c338,0x0000000094b80000)
 Metaspace       used 75196K, committed 76864K, reserved 1179648K
  class space    used 7776K, committed 8512K, reserved 1048576K
}
Event: 1428.191 GC heap before
{Heap before GC invocations=260 (full 3):
 PSYoungGen      total 6144K, used 5728K [0x00000000d5580000, 0x00000000d5f00000, 0x0000000100000000)
  eden space 3072K, 100% used [0x00000000d5580000,0x00000000d5880000,0x00000000d5880000)
  from space 3072K, 86% used [0x00000000d5c00000,0x00000000d5e98000,0x00000000d5f00000)
  to   space 3072K, 0% used [0x00000000d5900000,0x00000000d5900000,0x00000000d5c00000)
 ParOldGen       total 339456K, used 338992K [0x0000000080000000, 0x0000000094b80000, 0x00000000d5580000)
  object space 339456K, 99% used [0x0000000080000000,0x0000000094b0c338,0x0000000094b80000)
 Metaspace       used 75196K, committed 76864K, reserved 1179648K
  class space    used 7776K, committed 8512K, reserved 1048576K
}
Event: 1428.194 GC heap after
{Heap after GC invocations=260 (full 3):
 PSYoungGen      total 6656K, used 3061K [0x00000000d5580000, 0x00000000d6680000, 0x0000000100000000)
  eden space 3584K, 0% used [0x00000000d5580000,0x00000000d5580000,0x00000000d5900000)
  from space 3072K, 99% used [0x00000000d5900000,0x00000000d5bfd5c0,0x00000000d5c00000)
  to   space 6656K, 0% used [0x00000000d6000000,0x00000000d6000000,0x00000000d6680000)
 ParOldGen       total 342016K, used 341592K [0x0000000080000000, 0x0000000094e00000, 0x00000000d5580000)
  object space 342016K, 99% used [0x0000000080000000,0x0000000094d96338,0x0000000094e00000)
 Metaspace       used 75196K, committed 76864K, reserved 1179648K
  class space    used 7776K, committed 8512K, reserved 1048576K
}
Event: 1428.219 GC heap before
{Heap before GC invocations=261 (full 3):
 PSYoungGen      total 6656K, used 6248K [0x00000000d5580000, 0x00000000d6680000, 0x0000000100000000)
  eden space 3584K, 88% used [0x00000000d5580000,0x00000000d589cda0,0x00000000d5900000)
  from space 3072K, 99% used [0x00000000d5900000,0x00000000d5bfd5c0,0x00000000d5c00000)
  to   space 6656K, 0% used [0x00000000d6000000,0x00000000d6000000,0x00000000d6680000)
 ParOldGen       total 342016K, used 341592K [0x0000000080000000, 0x0000000094e00000, 0x00000000d5580000)
  object space 342016K, 99% used [0x0000000080000000,0x0000000094d96338,0x0000000094e00000)
 Metaspace       used 75196K, committed 76864K, reserved 1179648K
  class space    used 7776K, committed 8512K, reserved 1048576K
}
Event: 1428.225 GC heap after
{Heap after GC invocations=261 (full 3):
 PSYoungGen      total 7680K, used 2620K [0x00000000d5580000, 0x00000000d6300000, 0x0000000100000000)
  eden space 4608K, 0% used [0x00000000d5580000,0x00000000d5580000,0x00000000d5a00000)
  from space 3072K, 85% used [0x00000000d6000000,0x00000000d628f000,0x00000000d6300000)
  to   space 4096K, 0% used [0x00000000d5b00000,0x00000000d5b00000,0x00000000d5f00000)
 ParOldGen       total 345088K, used 344592K [0x0000000080000000, 0x0000000095100000, 0x00000000d5580000)
  object space 345088K, 99% used [0x0000000080000000,0x0000000095084338,0x0000000095100000)
 Metaspace       used 75196K, committed 76864K, reserved 1179648K
  class space    used 7776K, committed 8512K, reserved 1048576K
}
Event: 1428.264 GC heap before
{Heap before GC invocations=262 (full 3):
 PSYoungGen      total 7680K, used 7184K [0x00000000d5580000, 0x00000000d6300000, 0x0000000100000000)
  eden space 4608K, 99% used [0x00000000d5580000,0x00000000d59f5100,0x00000000d5a00000)
  from space 3072K, 85% used [0x00000000d6000000,0x00000000d628f000,0x00000000d6300000)
  to   space 4096K, 0% used [0x00000000d5b00000,0x00000000d5b00000,0x00000000d5f00000)
 ParOldGen       total 345088K, used 344592K [0x0000000080000000, 0x0000000095100000, 0x00000000d5580000)
  object space 345088K, 99% used [0x0000000080000000,0x0000000095084338,0x0000000095100000)
 Metaspace       used 75203K, committed 76864K, reserved 1179648K
  class space    used 7776K, committed 8512K, reserved 1048576K
}
Event: 1428.269 GC heap after
{Heap after GC invocations=262 (full 3):
 PSYoungGen      total 9216K, used 3091K [0x00000000d5580000, 0x00000000d6200000, 0x0000000100000000)
  eden space 5632K, 0% used [0x00000000d5580000,0x00000000d5580000,0x00000000d5b00000)
  from space 3584K, 86% used [0x00000000d5b00000,0x00000000d5e04f98,0x00000000d5e80000)
  to   space 3584K, 0% used [0x00000000d5e80000,0x00000000d5e80000,0x00000000d6200000)
 ParOldGen       total 347648K, used 347156K [0x0000000080000000, 0x0000000095380000, 0x00000000d5580000)
  object space 347648K, 99% used [0x0000000080000000,0x0000000095305338,0x0000000095380000)
 Metaspace       used 75203K, committed 76864K, reserved 1179648K
  class space    used 7776K, committed 8512K, reserved 1048576K
}
Event: 1428.296 GC heap before
{Heap before GC invocations=263 (full 3):
 PSYoungGen      total 9216K, used 8723K [0x00000000d5580000, 0x00000000d6200000, 0x0000000100000000)
  eden space 5632K, 99% used [0x00000000d5580000,0x00000000d5afffe0,0x00000000d5b00000)
  from space 3584K, 86% used [0x00000000d5b00000,0x00000000d5e04f98,0x00000000d5e80000)
  to   space 3584K, 0% used [0x00000000d5e80000,0x00000000d5e80000,0x00000000d6200000)
 ParOldGen       total 347648K, used 347156K [0x0000000080000000, 0x0000000095380000, 0x00000000d5580000)
  object space 347648K, 99% used [0x0000000080000000,0x0000000095305338,0x0000000095380000)
 Metaspace       used 75206K, committed 76864K, reserved 1179648K
  class space    used 7776K, committed 8512K, reserved 1048576K
}
Event: 1428.299 GC heap after
{Heap after GC invocations=263 (full 3):
 PSYoungGen      total 6144K, used 352K [0x00000000d5580000, 0x00000000d5f00000, 0x0000000100000000)
  eden space 5632K, 0% used [0x00000000d5580000,0x00000000d5580000,0x00000000d5b00000)
  from space 512K, 68% used [0x00000000d5e80000,0x00000000d5ed8000,0x00000000d5f00000)
  to   space 1536K, 0% used [0x00000000d5c00000,0x00000000d5c00000,0x00000000d5d80000)
 ParOldGen       total 349696K, used 349640K [0x0000000080000000, 0x0000000095580000, 0x00000000d5580000)
  object space 349696K, 99% used [0x0000000080000000,0x0000000095572368,0x0000000095580000)
 Metaspace       used 75206K, committed 76864K, reserved 1179648K
  class space    used 7776K, committed 8512K, reserved 1048576K
}
Event: 1428.324 GC heap before
{Heap before GC invocations=264 (full 3):
 PSYoungGen      total 6144K, used 5984K [0x00000000d5580000, 0x00000000d5f00000, 0x0000000100000000)
  eden space 5632K, 100% used [0x00000000d5580000,0x00000000d5b00000,0x00000000d5b00000)
  from space 512K, 68% used [0x00000000d5e80000,0x00000000d5ed8000,0x00000000d5f00000)
  to   space 1536K, 0% used [0x00000000d5c00000,0x00000000d5c00000,0x00000000d5d80000)
 ParOldGen       total 381440K, used 380360K [0x0000000080000000, 0x0000000097480000, 0x00000000d5580000)
  object space 381440K, 99% used [0x0000000080000000,0x0000000097372398,0x0000000097480000)
 Metaspace       used 75278K, committed 76928K, reserved 1179648K
  class space    used 7786K, committed 8512K, reserved 1048576K
}
Event: 1428.328 GC heap after
{Heap after GC invocations=264 (full 3):
 PSYoungGen      total 7168K, used 1520K [0x00000000d5580000, 0x00000000d6600000, 0x0000000100000000)
  eden space 5632K, 0% used [0x00000000d5580000,0x00000000d5580000,0x00000000d5b00000)
  from space 1536K, 98% used [0x00000000d5c00000,0x00000000d5d7c190,0x00000000d5d80000)
  to   space 5632K, 0% used [0x00000000d6080000,0x00000000d6080000,0x00000000d6600000)
 ParOldGen       total 384000K, used 383680K [0x0000000080000000, 0x0000000097700000, 0x00000000d5580000)
  object space 384000K, 99% used [0x0000000080000000,0x00000000976b0398,0x0000000097700000)
 Metaspace       used 75278K, committed 76928K, reserved 1179648K
  class space    used 7786K, committed 8512K, reserved 1048576K
}
Event: 1428.339 GC heap before
{Heap before GC invocations=265 (full 3):
 PSYoungGen      total 7168K, used 7146K [0x00000000d5580000, 0x00000000d6600000, 0x0000000100000000)
  eden space 5632K, 99% used [0x00000000d5580000,0x00000000d5afe9d0,0x00000000d5b00000)
  from space 1536K, 98% used [0x00000000d5c00000,0x00000000d5d7c190,0x00000000d5d80000)
  to   space 5632K, 0% used [0x00000000d6080000,0x00000000d6080000,0x00000000d6600000)
 ParOldGen       total 384000K, used 383680K [0x0000000080000000, 0x0000000097700000, 0x00000000d5580000)
  object space 384000K, 99% used [0x0000000080000000,0x00000000976b0398,0x0000000097700000)
 Metaspace       used 75291K, committed 76928K, reserved 1179648K
  class space    used 7787K, committed 8512K, reserved 1048576K
}
Event: 1428.345 GC heap after
{Heap after GC invocations=265 (full 3):
 PSYoungGen      total 11776K, used 4640K [0x00000000d5580000, 0x00000000d6680000, 0x0000000100000000)
  eden space 6144K, 0% used [0x00000000d5580000,0x00000000d5580000,0x00000000d5b80000)
  from space 5632K, 82% used [0x00000000d6080000,0x00000000d6508000,0x00000000d6600000)
  to   space 5120K, 0% used [0x00000000d5b80000,0x00000000d5b80000,0x00000000d6080000)
 ParOldGen       total 385536K, used 385161K [0x0000000080000000, 0x0000000097880000, 0x00000000d5580000)
  object space 385536K, 99% used [0x0000000080000000,0x0000000097822508,0x0000000097880000)
 Metaspace       used 75291K, committed 76928K, reserved 1179648K
  class space    used 7787K, committed 8512K, reserved 1048576K
}
Event: 1428.415 GC heap before
{Heap before GC invocations=266 (full 3):
 PSYoungGen      total 11776K, used 10784K [0x00000000d5580000, 0x00000000d6680000, 0x0000000100000000)
  eden space 6144K, 100% used [0x00000000d5580000,0x00000000d5b80000,0x00000000d5b80000)
  from space 5632K, 82% used [0x00000000d6080000,0x00000000d6508000,0x00000000d6600000)
  to   space 5120K, 0% used [0x00000000d5b80000,0x00000000d5b80000,0x00000000d6080000)
 ParOldGen       total 385536K, used 385161K [0x0000000080000000, 0x0000000097880000, 0x00000000d5580000)
  object space 385536K, 99% used [0x0000000080000000,0x0000000097822508,0x0000000097880000)
 Metaspace       used 75299K, committed 76992K, reserved 1179648K
  class space    used 7787K, committed 8512K, reserved 1048576K
}
Event: 1428.420 GC heap after
{Heap after GC invocations=266 (full 3):
 PSYoungGen      total 9216K, used 2816K [0x00000000d5580000, 0x00000000d6280000, 0x0000000100000000)
  eden space 6144K, 0% used [0x00000000d5580000,0x00000000d5580000,0x00000000d5b80000)
  from space 3072K, 91% used [0x00000000d5b80000,0x00000000d5e40000,0x00000000d5e80000)
  to   space 3584K, 0% used [0x00000000d5f00000,0x00000000d5f00000,0x00000000d6280000)
 ParOldGen       total 390144K, used 389697K [0x0000000080000000, 0x0000000097d00000, 0x00000000d5580000)
  object space 390144K, 99% used [0x0000000080000000,0x0000000097c90508,0x0000000097d00000)
 Metaspace       used 75299K, committed 76992K, reserved 1179648K
  class space    used 7787K, committed 8512K, reserved 1048576K
}
Event: 1722.412 GC heap before
{Heap before GC invocations=267 (full 3):
 PSYoungGen      total 9216K, used 8959K [0x00000000d5580000, 0x00000000d6280000, 0x0000000100000000)
  eden space 6144K, 99% used [0x00000000d5580000,0x00000000d5b7ffa8,0x00000000d5b80000)
  from space 3072K, 91% used [0x00000000d5b80000,0x00000000d5e40000,0x00000000d5e80000)
  to   space 3584K, 0% used [0x00000000d5f00000,0x00000000d5f00000,0x00000000d6280000)
 ParOldGen       total 390144K, used 389697K [0x0000000080000000, 0x0000000097d00000, 0x00000000d5580000)
  object space 390144K, 99% used [0x0000000080000000,0x0000000097c90508,0x0000000097d00000)
 Metaspace       used 75362K, committed 76992K, reserved 1179648K
  class space    used 7791K, committed 8512K, reserved 1048576K
}
Event: 1722.416 GC heap after
{Heap after GC invocations=267 (full 3):
 PSYoungGen      total 6656K, used 314K [0x00000000d5580000, 0x00000000d5f80000, 0x0000000100000000)
  eden space 6144K, 0% used [0x00000000d5580000,0x00000000d5580000,0x00000000d5b80000)
  from space 512K, 61% used [0x00000000d5f00000,0x00000000d5f4e900,0x00000000d5f80000)
  to   space 1536K, 0% used [0x00000000d5c80000,0x00000000d5c80000,0x00000000d5e00000)
 ParOldGen       total 392704K, used 392385K [0x0000000080000000, 0x0000000097f80000, 0x00000000d5580000)
  object space 392704K, 99% used [0x0000000080000000,0x0000000097f30508,0x0000000097f80000)
 Metaspace       used 75362K, committed 76992K, reserved 1179648K
  class space    used 7791K, committed 8512K, reserved 1048576K
}

