# JRE version: OpenJDK Runtime Environment Temurin-21.0.10+7 (21.0.10+7) (build 21.0.10+7-LTS)
# Java VM: OpenJDK 64-Bit Server VM Temurin-21.0.10+7 (21.0.10+7-LTS, mixed mode, sharing, tiered, compressed oops, compressed class ptrs, parallel gc, windows-amd64)
GC Precious Log:
 CardTable entry size: 512
 CPUs: 8 total, 8 available
 Memory: 16000M
 Large Page Support: Disabled
 NUMA Support: Disabled
 Compressed Oops: Enabled (32-bit)
 Alignments: Space 512K, Generation 512K, Heap 2M
 Heap Min Capacity: 100M
 Heap Initial Capacity: 100M
 Heap Max Capacity: 2G
 Pre-touch: Disabled
 Parallel Workers: 8
Heap:
 PSYoungGen      total 2048K, used 634K [0x00000000d5580000, 0x00000000d5900000, 0x0000000100000000)
  eden space 1536K, 24% used [0x00000000d5580000,0x00000000d55de960,0x00000000d5700000)
  from space 512K, 50% used [0x00000000d5880000,0x00000000d58c0000,0x00000000d5900000)
  to   space 512K, 0% used [0x00000000d5800000,0x00000000d5800000,0x00000000d5880000)
 ParOldGen       total 264704K, used 261274K [0x0000000080000000, 0x0000000090280000, 0x00000000d5580000)
  object space 264704K, 98% used [0x0000000080000000,0x000000008ff26980,0x0000000090280000)
 Metaspace       used 76339K, committed 78080K, reserved 1179648K
  class space    used 7688K, committed 8512K, reserved 1048576K
GC Heap History (20 events):
Event: 3417.161 GC heap before
{Heap before GC invocations=699 (full 5):
 PSYoungGen      total 2048K, used 1791K [0x00000000d5580000, 0x00000000d5900000, 0x0000000100000000)
  eden space 1536K, 99% used [0x00000000d5580000,0x00000000d56ffff8,0x00000000d5700000)
  from space 512K, 50% used [0x00000000d5880000,0x00000000d58c0000,0x00000000d5900000)
  to   space 512K, 0% used [0x00000000d5800000,0x00000000d5800000,0x00000000d5880000)
 ParOldGen       total 232960K, used 229906K [0x0000000080000000, 0x000000008e380000, 0x00000000d5580000)
  object space 232960K, 98% used [0x0000000080000000,0x000000008e084950,0x000000008e380000)
 Metaspace       used 76261K, committed 78016K, reserved 1179648K
  class space    used 7688K, committed 8512K, reserved 1048576K
}
Event: 3417.162 GC heap after
{Heap after GC invocations=699 (full 5):
 PSYoungGen      total 2048K, used 256K [0x00000000d5580000, 0x00000000d5900000, 0x0000000100000000)
  eden space 1536K, 0% used [0x00000000d5580000,0x00000000d5580000,0x00000000d5700000)
  from space 512K, 50% used [0x00000000d5800000,0x00000000d5840000,0x00000000d5880000)
  to   space 512K, 0% used [0x00000000d5880000,0x00000000d5880000,0x00000000d5900000)
 ParOldGen       total 232960K, used 229954K [0x0000000080000000, 0x000000008e380000, 0x00000000d5580000)
  object space 232960K, 98% used [0x0000000080000000,0x000000008e090950,0x000000008e380000)
 Metaspace       used 76261K, committed 78016K, reserved 1179648K
  class space    used 7688K, committed 8512K, reserved 1048576K
}
Event: 3426.943 GC heap before
{Heap before GC invocations=700 (full 5):
 PSYoungGen      total 2048K, used 1792K [0x00000000d5580000, 0x00000000d5900000, 0x0000000100000000)
  eden space 1536K, 100% used [0x00000000d5580000,0x00000000d5700000,0x00000000d5700000)
  from space 512K, 50% used [0x00000000d5800000,0x00000000d5840000,0x00000000d5880000)
  to   space 512K, 0% used [0x00000000d5880000,0x00000000d5880000,0x00000000d5900000)
 ParOldGen       total 232960K, used 229954K [0x0000000080000000, 0x000000008e380000, 0x00000000d5580000)
  object space 232960K, 98% used [0x0000000080000000,0x000000008e090950,0x000000008e380000)
 Metaspace       used 76262K, committed 78016K, reserved 1179648K
  class space    used 7688K, committed 8512K, reserved 1048576K
}
Event: 3426.948 GC heap after
{Heap after GC invocations=700 (full 5):
 PSYoungGen      total 2048K, used 320K [0x00000000d5580000, 0x00000000d5900000, 0x0000000100000000)
  eden space 1536K, 0% used [0x00000000d5580000,0x00000000d5580000,0x00000000d5700000)
  from space 512K, 62% used [0x00000000d5880000,0x00000000d58d0000,0x00000000d5900000)
  to   space 512K, 0% used [0x00000000d5800000,0x00000000d5800000,0x00000000d5880000)
 ParOldGen       total 232960K, used 230002K [0x0000000080000000, 0x000000008e380000, 0x00000000d5580000)
  object space 232960K, 98% used [0x0000000080000000,0x000000008e09c950,0x000000008e380000)
 Metaspace       used 76262K, committed 78016K, reserved 1179648K
  class space    used 7688K, committed 8512K, reserved 1048576K
}
Event: 3650.560 GC heap before
{Heap before GC invocations=701 (full 5):
 PSYoungGen      total 2048K, used 1856K [0x00000000d5580000, 0x00000000d5900000, 0x0000000100000000)
  eden space 1536K, 100% used [0x00000000d5580000,0x00000000d5700000,0x00000000d5700000)
  from space 512K, 62% used [0x00000000d5880000,0x00000000d58d0000,0x00000000d5900000)
  to   space 512K, 0% used [0x00000000d5800000,0x00000000d5800000,0x00000000d5880000)
 ParOldGen       total 232960K, used 230002K [0x0000000080000000, 0x000000008e380000, 0x00000000d5580000)
  object space 232960K, 98% used [0x0000000080000000,0x000000008e09c950,0x000000008e380000)
 Metaspace       used 76266K, committed 78016K, reserved 1179648K
  class space    used 7688K, committed 8512K, reserved 1048576K
}
Event: 3650.562 GC heap after
{Heap after GC invocations=701 (full 5):
 PSYoungGen      total 2048K, used 256K [0x00000000d5580000, 0x00000000d5900000, 0x0000000100000000)
  eden space 1536K, 0% used [0x00000000d5580000,0x00000000d5580000,0x00000000d5700000)
  from space 512K, 50% used [0x00000000d5800000,0x00000000d5840000,0x00000000d5880000)
  to   space 512K, 0% used [0x00000000d5880000,0x00000000d5880000,0x00000000d5900000)
 ParOldGen       total 232960K, used 230074K [0x0000000080000000, 0x000000008e380000, 0x00000000d5580000)
  object space 232960K, 98% used [0x0000000080000000,0x000000008e0ae950,0x000000008e380000)
 Metaspace       used 76266K, committed 78016K, reserved 1179648K
  class space    used 7688K, committed 8512K, reserved 1048576K
}
Event: 65790.755 GC heap before
{Heap before GC invocations=702 (full 5):
 PSYoungGen      total 2048K, used 1792K [0x00000000d5580000, 0x00000000d5900000, 0x0000000100000000)
  eden space 1536K, 100% used [0x00000000d5580000,0x00000000d5700000,0x00000000d5700000)
  from space 512K, 50% used [0x00000000d5800000,0x00000000d5840000,0x00000000d5880000)
  to   space 512K, 0% used [0x00000000d5880000,0x00000000d5880000,0x00000000d5900000)
 ParOldGen       total 232960K, used 230074K [0x0000000080000000, 0x000000008e380000, 0x00000000d5580000)
  object space 232960K, 98% used [0x0000000080000000,0x000000008e0ae950,0x000000008e380000)
 Metaspace       used 76314K, committed 78016K, reserved 1179648K
  class space    used 7688K, committed 8512K, reserved 1048576K
}
Event: 65790.832 GC heap after
{Heap after GC invocations=702 (full 5):
 PSYoungGen      total 2048K, used 192K [0x00000000d5580000, 0x00000000d5900000, 0x0000000100000000)
  eden space 1536K, 0% used [0x00000000d5580000,0x00000000d5580000,0x00000000d5700000)
  from space 512K, 37% used [0x00000000d5880000,0x00000000d58b0000,0x00000000d5900000)
  to   space 512K, 0% used [0x00000000d5800000,0x00000000d5800000,0x00000000d5880000)
 ParOldGen       total 232960K, used 230106K [0x0000000080000000, 0x000000008e380000, 0x00000000d5580000)
  object space 232960K, 98% used [0x0000000080000000,0x000000008e0b6950,0x000000008e380000)
 Metaspace       used 76314K, committed 78016K, reserved 1179648K
  class space    used 7688K, committed 8512K, reserved 1048576K
}
Event: 65791.399 GC heap before
{Heap before GC invocations=703 (full 5):
 PSYoungGen      total 2048K, used 1728K [0x00000000d5580000, 0x00000000d5900000, 0x0000000100000000)
  eden space 1536K, 100% used [0x00000000d5580000,0x00000000d5700000,0x00000000d5700000)
  from space 512K, 37% used [0x00000000d5880000,0x00000000d58b0000,0x00000000d5900000)
  to   space 512K, 0% used [0x00000000d5800000,0x00000000d5800000,0x00000000d5880000)
 ParOldGen       total 232960K, used 230106K [0x0000000080000000, 0x000000008e380000, 0x00000000d5580000)
  object space 232960K, 98% used [0x0000000080000000,0x000000008e0b6950,0x000000008e380000)
 Metaspace       used 76316K, committed 78016K, reserved 1179648K
  class space    used 7688K, committed 8512K, reserved 1048576K
}
Event: 65791.405 GC heap after
{Heap after GC invocations=703 (full 5):
 PSYoungGen      total 2048K, used 305K [0x00000000d5580000, 0x00000000d5900000, 0x0000000100000000)
  eden space 1536K, 0% used [0x00000000d5580000,0x00000000d5580000,0x00000000d5700000)
  from space 512K, 59% used [0x00000000d5800000,0x00000000d584c7d8,0x00000000d5880000)
  to   space 512K, 0% used [0x00000000d5880000,0x00000000d5880000,0x00000000d5900000)
 ParOldGen       total 232960K, used 230154K [0x0000000080000000, 0x000000008e380000, 0x00000000d5580000)
  object space 232960K, 98% used [0x0000000080000000,0x000000008e0c2950,0x000000008e380000)
 Metaspace       used 76316K, committed 78016K, reserved 1179648K
  class space    used 7688K, committed 8512K, reserved 1048576K
}
Event: 65791.758 GC heap before
{Heap before GC invocations=704 (full 5):
 PSYoungGen      total 2048K, used 1841K [0x00000000d5580000, 0x00000000d5900000, 0x0000000100000000)
  eden space 1536K, 100% used [0x00000000d5580000,0x00000000d5700000,0x00000000d5700000)
  from space 512K, 59% used [0x00000000d5800000,0x00000000d584c7d8,0x00000000d5880000)
  to   space 512K, 0% used [0x00000000d5880000,0x00000000d5880000,0x00000000d5900000)
 ParOldGen       total 232960K, used 230154K [0x0000000080000000, 0x000000008e380000, 0x00000000d5580000)
  object space 232960K, 98% used [0x0000000080000000,0x000000008e0c2950,0x000000008e380000)
 Metaspace       used 76319K, committed 78016K, reserved 1179648K
  class space    used 7688K, committed 8512K, reserved 1048576K
}
Event: 65791.762 GC heap after
{Heap after GC invocations=704 (full 5):
 PSYoungGen      total 2048K, used 320K [0x00000000d5580000, 0x00000000d5900000, 0x0000000100000000)
  eden space 1536K, 0% used [0x00000000d5580000,0x00000000d5580000,0x00000000d5700000)
  from space 512K, 62% used [0x00000000d5880000,0x00000000d58d0000,0x00000000d5900000)
  to   space 512K, 0% used [0x00000000d5800000,0x00000000d5800000,0x00000000d5880000)
 ParOldGen       total 232960K, used 230266K [0x0000000080000000, 0x000000008e380000, 0x00000000d5580000)
  object space 232960K, 98% used [0x0000000080000000,0x000000008e0de950,0x000000008e380000)
 Metaspace       used 76319K, committed 78016K, reserved 1179648K
  class space    used 7688K, committed 8512K, reserved 1048576K
}
Event: 65791.973 GC heap before
{Heap before GC invocations=705 (full 5):
 PSYoungGen      total 2048K, used 1856K [0x00000000d5580000, 0x00000000d5900000, 0x0000000100000000)
  eden space 1536K, 100% used [0x00000000d5580000,0x00000000d5700000,0x00000000d5700000)
  from space 512K, 62% used [0x00000000d5880000,0x00000000d58d0000,0x00000000d5900000)
  to   space 512K, 0% used [0x00000000d5800000,0x00000000d5800000,0x00000000d5880000)
 ParOldGen       total 264704K, used 260986K [0x0000000080000000, 0x0000000090280000, 0x00000000d5580000)
  object space 264704K, 98% used [0x0000000080000000,0x000000008fede980,0x0000000090280000)
 Metaspace       used 76321K, committed 78016K, reserved 1179648K
  class space    used 7688K, committed 8512K, reserved 1048576K
}
Event: 65791.978 GC heap after
{Heap after GC invocations=705 (full 5):
 PSYoungGen      total 2048K, used 224K [0x00000000d5580000, 0x00000000d5900000, 0x0000000100000000)
  eden space 1536K, 0% used [0x00000000d5580000,0x00000000d5580000,0x00000000d5700000)
  from space 512K, 43% used [0x00000000d5800000,0x00000000d5838000,0x00000000d5880000)
  to   space 512K, 0% used [0x00000000d5880000,0x00000000d5880000,0x00000000d5900000)
 ParOldGen       total 264704K, used 261074K [0x0000000080000000, 0x0000000090280000, 0x00000000d5580000)
  object space 264704K, 98% used [0x0000000080000000,0x000000008fef4980,0x0000000090280000)
 Metaspace       used 76321K, committed 78016K, reserved 1179648K
  class space    used 7688K, committed 8512K, reserved 1048576K
}
Event: 65792.035 GC heap before
{Heap before GC invocations=706 (full 5):
 PSYoungGen      total 2048K, used 1760K [0x00000000d5580000, 0x00000000d5900000, 0x0000000100000000)
  eden space 1536K, 100% used [0x00000000d5580000,0x00000000d5700000,0x00000000d5700000)
  from space 512K, 43% used [0x00000000d5800000,0x00000000d5838000,0x00000000d5880000)
  to   space 512K, 0% used [0x00000000d5880000,0x00000000d5880000,0x00000000d5900000)
 ParOldGen       total 264704K, used 261074K [0x0000000080000000, 0x0000000090280000, 0x00000000d5580000)
  object space 264704K, 98% used [0x0000000080000000,0x000000008fef4980,0x0000000090280000)
 Metaspace       used 76322K, committed 78016K, reserved 1179648K
  class space    used 7688K, committed 8512K, reserved 1048576K
}
Event: 65792.036 GC heap after
{Heap after GC invocations=706 (full 5):
 PSYoungGen      total 2048K, used 224K [0x00000000d5580000, 0x00000000d5900000, 0x0000000100000000)
  eden space 1536K, 0% used [0x00000000d5580000,0x00000000d5580000,0x00000000d5700000)
  from space 512K, 43% used [0x00000000d5880000,0x00000000d58b8000,0x00000000d5900000)
  to   space 512K, 0% used [0x00000000d5800000,0x00000000d5800000,0x00000000d5880000)
 ParOldGen       total 264704K, used 261130K [0x0000000080000000, 0x0000000090280000, 0x00000000d5580000)
  object space 264704K, 98% used [0x0000000080000000,0x000000008ff02980,0x0000000090280000)
 Metaspace       used 76322K, committed 78016K, reserved 1179648K
  class space    used 7688K, committed 8512K, reserved 1048576K
}
Event: 65807.390 GC heap before
{Heap before GC invocations=707 (full 5):
 PSYoungGen      total 2048K, used 1760K [0x00000000d5580000, 0x00000000d5900000, 0x0000000100000000)
  eden space 1536K, 100% used [0x00000000d5580000,0x00000000d5700000,0x00000000d5700000)
  from space 512K, 43% used [0x00000000d5880000,0x00000000d58b8000,0x00000000d5900000)
  to   space 512K, 0% used [0x00000000d5800000,0x00000000d5800000,0x00000000d5880000)
 ParOldGen       total 264704K, used 261130K [0x0000000080000000, 0x0000000090280000, 0x00000000d5580000)
  object space 264704K, 98% used [0x0000000080000000,0x000000008ff02980,0x0000000090280000)
 Metaspace       used 76334K, committed 78080K, reserved 1179648K
  class space    used 7688K, committed 8512K, reserved 1048576K
}
Event: 65807.395 GC heap after
{Heap after GC invocations=707 (full 5):
 PSYoungGen      total 2048K, used 288K [0x00000000d5580000, 0x00000000d5900000, 0x0000000100000000)
  eden space 1536K, 0% used [0x00000000d5580000,0x00000000d5580000,0x00000000d5700000)
  from space 512K, 56% used [0x00000000d5800000,0x00000000d5848000,0x00000000d5880000)
  to   space 512K, 0% used [0x00000000d5880000,0x00000000d5880000,0x00000000d5900000)
 ParOldGen       total 264704K, used 261154K [0x0000000080000000, 0x0000000090280000, 0x00000000d5580000)
  object space 264704K, 98% used [0x0000000080000000,0x000000008ff08980,0x0000000090280000)
 Metaspace       used 76334K, committed 78080K, reserved 1179648K
  class space    used 7688K, committed 8512K, reserved 1048576K
}
Event: 66090.751 GC heap before
{Heap before GC invocations=708 (full 5):
 PSYoungGen      total 2048K, used 1823K [0x00000000d5580000, 0x00000000d5900000, 0x0000000100000000)
  eden space 1536K, 99% used [0x00000000d5580000,0x00000000d56ffed8,0x00000000d5700000)
  from space 512K, 56% used [0x00000000d5800000,0x00000000d5848000,0x00000000d5880000)
  to   space 512K, 0% used [0x00000000d5880000,0x00000000d5880000,0x00000000d5900000)
 ParOldGen       total 264704K, used 261154K [0x0000000080000000, 0x0000000090280000, 0x00000000d5580000)
  object space 264704K, 98% used [0x0000000080000000,0x000000008ff08980,0x0000000090280000)
 Metaspace       used 76336K, committed 78080K, reserved 1179648K
  class space    used 7688K, committed 8512K, reserved 1048576K
}
Event: 66090.754 GC heap after
{Heap after GC invocations=708 (full 5):
 PSYoungGen      total 2048K, used 256K [0x00000000d5580000, 0x00000000d5900000, 0x0000000100000000)
  eden space 1536K, 0% used [0x00000000d5580000,0x00000000d5580000,0x00000000d5700000)
  from space 512K, 50% used [0x00000000d5880000,0x00000000d58c0000,0x00000000d5900000)
  to   space 512K, 0% used [0x00000000d5800000,0x00000000d5800000,0x00000000d5880000)
 ParOldGen       total 264704K, used 261274K [0x0000000080000000, 0x0000000090280000, 0x00000000d5580000)
  object space 264704K, 98% used [0x0000000080000000,0x000000008ff26980,0x0000000090280000)
 Metaspace       used 76336K, committed 78080K, reserved 1179648K
  class space    used 7688K, committed 8512K, reserved 1048576K
}

