# JRE version: OpenJDK Runtime Environment Temurin-21.0.10+7 (21.0.10+7) (build 21.0.10+7-LTS)
# Java VM: OpenJDK 64-Bit Server VM Temurin-21.0.10+7 (21.0.10+7-LTS, mixed mode, sharing, tiered, compressed oops, compressed class ptrs, parallel gc, windows-amd64)
GC Precious Log:
 CardTable entry size: 512
 CPUs: 8 total, 8 available
 Memory: 16000M
 Large Page Support: Disabled
 NUMA Support: Disabled
 Compressed Oops: Enabled (32-bit)
 Alignments: Space 512K, Generation 512K, Heap 2M
 Heap Min Capacity: 100M
 Heap Initial Capacity: 100M
 Heap Max Capacity: 2G
 Pre-touch: Disabled
 Parallel Workers: 8
Heap:
 PSYoungGen      total 12800K, used 5279K [0x00000000d5580000, 0x00000000d6400000, 0x0000000100000000)
  eden space 10752K, 33% used [0x00000000d5580000,0x00000000d590fec0,0x00000000d6000000)
  from space 2048K, 79% used [0x00000000d6000000,0x00000000d6197f80,0x00000000d6200000)
  to   space 2048K, 0% used [0x00000000d6200000,0x00000000d6200000,0x00000000d6400000)
 ParOldGen       total 112640K, used 112620K [0x0000000080000000, 0x0000000086e00000, 0x00000000d5580000)
  object space 112640K, 99% used [0x0000000080000000,0x0000000086dfb368,0x0000000086e00000)
 Metaspace       used 67943K, committed 69504K, reserved 1114112K
  class space    used 7010K, committed 7680K, reserved 1048576K
GC Heap History (20 events):
Event: 52.903 GC heap after
{Heap after GC invocations=104 (full 3):
 PSYoungGen      total 15872K, used 943K [0x00000000d5580000, 0x00000000d6600000, 0x0000000100000000)
  eden space 14848K, 0% used [0x00000000d5580000,0x00000000d5580000,0x00000000d6400000)
  from space 1024K, 92% used [0x00000000d6400000,0x00000000d64ebf80,0x00000000d6500000)
  to   space 1024K, 0% used [0x00000000d6500000,0x00000000d6500000,0x00000000d6600000)
 ParOldGen       total 104448K, used 103989K [0x0000000080000000, 0x0000000086600000, 0x00000000d5580000)
  object space 104448K, 99% used [0x0000000080000000,0x000000008658d700,0x0000000086600000)
 Metaspace       used 67043K, committed 68608K, reserved 1114112K
  class space    used 6997K, committed 7680K, reserved 1048576K
}
Event: 53.388 GC heap before
{Heap before GC invocations=105 (full 3):
 PSYoungGen      total 15872K, used 15791K [0x00000000d5580000, 0x00000000d6600000, 0x0000000100000000)
  eden space 14848K, 100% used [0x00000000d5580000,0x00000000d6400000,0x00000000d6400000)
  from space 1024K, 92% used [0x00000000d6400000,0x00000000d64ebf80,0x00000000d6500000)
  to   space 1024K, 0% used [0x00000000d6500000,0x00000000d6500000,0x00000000d6600000)
 ParOldGen       total 104448K, used 103989K [0x0000000080000000, 0x0000000086600000, 0x00000000d5580000)
  object space 104448K, 99% used [0x0000000080000000,0x000000008658d700,0x0000000086600000)
 Metaspace       used 67225K, committed 68800K, reserved 1114112K
  class space    used 7005K, committed 7680K, reserved 1048576K
}
Event: 53.446 GC heap after
{Heap after GC invocations=105 (full 3):
 PSYoungGen      total 14848K, used 1018K [0x00000000d5580000, 0x00000000d6800000, 0x0000000100000000)
  eden space 13824K, 0% used [0x00000000d5580000,0x00000000d5580000,0x00000000d6300000)
  from space 1024K, 99% used [0x00000000d6500000,0x00000000d65fe980,0x00000000d6600000)
  to   space 2048K, 0% used [0x00000000d6300000,0x00000000d6300000,0x00000000d6500000)
 ParOldGen       total 104960K, used 104801K [0x0000000080000000, 0x0000000086680000, 0x00000000d5580000)
  object space 104960K, 99% used [0x0000000080000000,0x0000000086658720,0x0000000086680000)
 Metaspace       used 67225K, committed 68800K, reserved 1114112K
  class space    used 7005K, committed 7680K, reserved 1048576K
}
Event: 53.659 GC heap before
{Heap before GC invocations=106 (full 3):
 PSYoungGen      total 14848K, used 14842K [0x00000000d5580000, 0x00000000d6800000, 0x0000000100000000)
  eden space 13824K, 100% used [0x00000000d5580000,0x00000000d6300000,0x00000000d6300000)
  from space 1024K, 99% used [0x00000000d6500000,0x00000000d65fe980,0x00000000d6600000)
  to   space 2048K, 0% used [0x00000000d6300000,0x00000000d6300000,0x00000000d6500000)
 ParOldGen       total 104960K, used 104801K [0x0000000080000000, 0x0000000086680000, 0x00000000d5580000)
  object space 104960K, 99% used [0x0000000080000000,0x0000000086658720,0x0000000086680000)
 Metaspace       used 67398K, committed 68928K, reserved 1114112K
  class space    used 7007K, committed 7680K, reserved 1048576K
}
Event: 53.663 GC heap after
{Heap after GC invocations=106 (full 3):
 PSYoungGen      total 15360K, used 1240K [0x00000000d5580000, 0x00000000d6600000, 0x0000000100000000)
  eden space 13824K, 0% used [0x00000000d5580000,0x00000000d5580000,0x00000000d6300000)
  from space 1536K, 80% used [0x00000000d6300000,0x00000000d64363d0,0x00000000d6480000)
  to   space 1536K, 0% used [0x00000000d6480000,0x00000000d6480000,0x00000000d6600000)
 ParOldGen       total 105984K, used 105830K [0x0000000080000000, 0x0000000086780000, 0x00000000d5580000)
  object space 105984K, 99% used [0x0000000080000000,0x00000000867599e8,0x0000000086780000)
 Metaspace       used 67398K, committed 68928K, reserved 1114112K
  class space    used 7007K, committed 7680K, reserved 1048576K
}
Event: 53.974 GC heap before
{Heap before GC invocations=107 (full 3):
 PSYoungGen      total 15360K, used 15064K [0x00000000d5580000, 0x00000000d6600000, 0x0000000100000000)
  eden space 13824K, 100% used [0x00000000d5580000,0x00000000d6300000,0x00000000d6300000)
  from space 1536K, 80% used [0x00000000d6300000,0x00000000d64363d0,0x00000000d6480000)
  to   space 1536K, 0% used [0x00000000d6480000,0x00000000d6480000,0x00000000d6600000)
 ParOldGen       total 105984K, used 105830K [0x0000000080000000, 0x0000000086780000, 0x00000000d5580000)
  object space 105984K, 99% used [0x0000000080000000,0x00000000867599e8,0x0000000086780000)
 Metaspace       used 67549K, committed 69120K, reserved 1114112K
  class space    used 7008K, committed 7680K, reserved 1048576K
}
Event: 53.979 GC heap after
{Heap after GC invocations=107 (full 3):
 PSYoungGen      total 13312K, used 1532K [0x00000000d5580000, 0x00000000d6a00000, 0x0000000100000000)
  eden space 11776K, 0% used [0x00000000d5580000,0x00000000d5580000,0x00000000d6100000)
  from space 1536K, 99% used [0x00000000d6480000,0x00000000d65ff3b8,0x00000000d6600000)
  to   space 3584K, 0% used [0x00000000d6100000,0x00000000d6100000,0x00000000d6480000)
 ParOldGen       total 107520K, used 107413K [0x0000000080000000, 0x0000000086900000, 0x00000000d5580000)
  object space 107520K, 99% used [0x0000000080000000,0x00000000868e5608,0x0000000086900000)
 Metaspace       used 67549K, committed 69120K, reserved 1114112K
  class space    used 7008K, committed 7680K, reserved 1048576K
}
Event: 54.152 GC heap before
{Heap before GC invocations=108 (full 3):
 PSYoungGen      total 13312K, used 13308K [0x00000000d5580000, 0x00000000d6a00000, 0x0000000100000000)
  eden space 11776K, 100% used [0x00000000d5580000,0x00000000d6100000,0x00000000d6100000)
  from space 1536K, 99% used [0x00000000d6480000,0x00000000d65ff3b8,0x00000000d6600000)
  to   space 3584K, 0% used [0x00000000d6100000,0x00000000d6100000,0x00000000d6480000)
 ParOldGen       total 107520K, used 107413K [0x0000000080000000, 0x0000000086900000, 0x00000000d5580000)
  object space 107520K, 99% used [0x0000000080000000,0x00000000868e5608,0x0000000086900000)
 Metaspace       used 67596K, committed 69120K, reserved 1114112K
  class space    used 7008K, committed 7680K, reserved 1048576K
}
Event: 54.163 GC heap after
{Heap after GC invocations=108 (full 3):
 PSYoungGen      total 13312K, used 1199K [0x00000000d5580000, 0x00000000d6500000, 0x0000000100000000)
  eden space 11776K, 0% used [0x00000000d5580000,0x00000000d5580000,0x00000000d6100000)
  from space 1536K, 78% used [0x00000000d6100000,0x00000000d622bfb8,0x00000000d6280000)
  to   space 2048K, 0% used [0x00000000d6300000,0x00000000d6300000,0x00000000d6500000)
 ParOldGen       total 109056K, used 108761K [0x0000000080000000, 0x0000000086a80000, 0x00000000d5580000)
  object space 109056K, 99% used [0x0000000080000000,0x0000000086a365d0,0x0000000086a80000)
 Metaspace       used 67596K, committed 69120K, reserved 1114112K
  class space    used 7008K, committed 7680K, reserved 1048576K
}
Event: 54.396 GC heap before
{Heap before GC invocations=109 (full 3):
 PSYoungGen      total 13312K, used 12975K [0x00000000d5580000, 0x00000000d6500000, 0x0000000100000000)
  eden space 11776K, 100% used [0x00000000d5580000,0x00000000d6100000,0x00000000d6100000)
  from space 1536K, 78% used [0x00000000d6100000,0x00000000d622bfb8,0x00000000d6280000)
  to   space 2048K, 0% used [0x00000000d6300000,0x00000000d6300000,0x00000000d6500000)
 ParOldGen       total 109056K, used 108761K [0x0000000080000000, 0x0000000086a80000, 0x00000000d5580000)
  object space 109056K, 99% used [0x0000000080000000,0x0000000086a365d0,0x0000000086a80000)
 Metaspace       used 67616K, committed 69184K, reserved 1114112K
  class space    used 7008K, committed 7680K, reserved 1048576K
}
Event: 54.401 GC heap after
{Heap after GC invocations=109 (full 3):
 PSYoungGen      total 12288K, used 372K [0x00000000d5580000, 0x00000000d6380000, 0x0000000100000000)
  eden space 11776K, 0% used [0x00000000d5580000,0x00000000d5580000,0x00000000d6100000)
  from space 512K, 72% used [0x00000000d6300000,0x00000000d635d200,0x00000000d6380000)
  to   space 1024K, 0% used [0x00000000d6180000,0x00000000d6180000,0x00000000d6280000)
 ParOldGen       total 109568K, used 109545K [0x0000000080000000, 0x0000000086b00000, 0x00000000d5580000)
  object space 109568K, 99% used [0x0000000080000000,0x0000000086afa6f0,0x0000000086b00000)
 Metaspace       used 67616K, committed 69184K, reserved 1114112K
  class space    used 7008K, committed 7680K, reserved 1048576K
}
Event: 54.531 GC heap before
{Heap before GC invocations=110 (full 3):
 PSYoungGen      total 12288K, used 12148K [0x00000000d5580000, 0x00000000d6380000, 0x0000000100000000)
  eden space 11776K, 100% used [0x00000000d5580000,0x00000000d6100000,0x00000000d6100000)
  from space 512K, 72% used [0x00000000d6300000,0x00000000d635d200,0x00000000d6380000)
  to   space 1024K, 0% used [0x00000000d6180000,0x00000000d6180000,0x00000000d6280000)
 ParOldGen       total 109568K, used 109545K [0x0000000080000000, 0x0000000086b00000, 0x00000000d5580000)
  object space 109568K, 99% used [0x0000000080000000,0x0000000086afa6f0,0x0000000086b00000)
 Metaspace       used 67676K, committed 69248K, reserved 1114112K
  class space    used 7008K, committed 7680K, reserved 1048576K
}
Event: 54.533 GC heap after
{Heap after GC invocations=110 (full 3):
 PSYoungGen      total 12800K, used 148K [0x00000000d5580000, 0x00000000d6380000, 0x0000000100000000)
  eden space 11776K, 0% used [0x00000000d5580000,0x00000000d5580000,0x00000000d6100000)
  from space 1024K, 14% used [0x00000000d6180000,0x00000000d61a5200,0x00000000d6280000)
  to   space 512K, 0% used [0x00000000d6300000,0x00000000d6300000,0x00000000d6380000)
 ParOldGen       total 110080K, used 109745K [0x0000000080000000, 0x0000000086b80000, 0x00000000d5580000)
  object space 110080K, 99% used [0x0000000080000000,0x0000000086b2c6f0,0x0000000086b80000)
 Metaspace       used 67676K, committed 69248K, reserved 1114112K
  class space    used 7008K, committed 7680K, reserved 1048576K
}
Event: 54.748 GC heap before
{Heap before GC invocations=111 (full 3):
 PSYoungGen      total 12800K, used 11924K [0x00000000d5580000, 0x00000000d6380000, 0x0000000100000000)
  eden space 11776K, 100% used [0x00000000d5580000,0x00000000d6100000,0x00000000d6100000)
  from space 1024K, 14% used [0x00000000d6180000,0x00000000d61a5200,0x00000000d6280000)
  to   space 512K, 0% used [0x00000000d6300000,0x00000000d6300000,0x00000000d6380000)
 ParOldGen       total 110080K, used 109745K [0x0000000080000000, 0x0000000086b80000, 0x00000000d5580000)
  object space 110080K, 99% used [0x0000000080000000,0x0000000086b2c6f0,0x0000000086b80000)
 Metaspace       used 67690K, committed 69248K, reserved 1114112K
  class space    used 7008K, committed 7680K, reserved 1048576K
}
Event: 54.751 GC heap after
{Heap after GC invocations=111 (full 3):
 PSYoungGen      total 12288K, used 506K [0x00000000d5580000, 0x00000000d6380000, 0x0000000100000000)
  eden space 11776K, 0% used [0x00000000d5580000,0x00000000d5580000,0x00000000d6100000)
  from space 512K, 98% used [0x00000000d6300000,0x00000000d637e900,0x00000000d6380000)
  to   space 1024K, 0% used [0x00000000d6180000,0x00000000d6180000,0x00000000d6280000)
 ParOldGen       total 110080K, used 110001K [0x0000000080000000, 0x0000000086b80000, 0x00000000d5580000)
  object space 110080K, 99% used [0x0000000080000000,0x0000000086b6c710,0x0000000086b80000)
 Metaspace       used 67690K, committed 69248K, reserved 1114112K
  class space    used 7008K, committed 7680K, reserved 1048576K
}
Event: 54.969 GC heap before
{Heap before GC invocations=112 (full 3):
 PSYoungGen      total 12288K, used 12282K [0x00000000d5580000, 0x00000000d6380000, 0x0000000100000000)
  eden space 11776K, 100% used [0x00000000d5580000,0x00000000d6100000,0x00000000d6100000)
  from space 512K, 98% used [0x00000000d6300000,0x00000000d637e900,0x00000000d6380000)
  to   space 1024K, 0% used [0x00000000d6180000,0x00000000d6180000,0x00000000d6280000)
 ParOldGen       total 110080K, used 110001K [0x0000000080000000, 0x0000000086b80000, 0x00000000d5580000)
  object space 110080K, 99% used [0x0000000080000000,0x0000000086b6c710,0x0000000086b80000)
 Metaspace       used 67789K, committed 69376K, reserved 1114112K
  class space    used 7008K, committed 7680K, reserved 1048576K
}
Event: 54.972 GC heap after
{Heap after GC invocations=112 (full 3):
 PSYoungGen      total 12800K, used 938K [0x00000000d5580000, 0x00000000d6380000, 0x0000000100000000)
  eden space 11776K, 0% used [0x00000000d5580000,0x00000000d5580000,0x00000000d6100000)
  from space 1024K, 91% used [0x00000000d6180000,0x00000000d626aaa8,0x00000000d6280000)
  to   space 1024K, 0% used [0x00000000d6280000,0x00000000d6280000,0x00000000d6380000)
 ParOldGen       total 110592K, used 110434K [0x0000000080000000, 0x0000000086c00000, 0x00000000d5580000)
  object space 110592K, 99% used [0x0000000080000000,0x0000000086bd8930,0x0000000086c00000)
 Metaspace       used 67789K, committed 69376K, reserved 1114112K
  class space    used 7008K, committed 7680K, reserved 1048576K
}
Event: 55.115 GC heap before
{Heap before GC invocations=113 (full 3):
 PSYoungGen      total 12800K, used 12714K [0x00000000d5580000, 0x00000000d6380000, 0x0000000100000000)
  eden space 11776K, 100% used [0x00000000d5580000,0x00000000d6100000,0x00000000d6100000)
  from space 1024K, 91% used [0x00000000d6180000,0x00000000d626aaa8,0x00000000d6280000)
  to   space 1024K, 0% used [0x00000000d6280000,0x00000000d6280000,0x00000000d6380000)
 ParOldGen       total 110592K, used 110434K [0x0000000080000000, 0x0000000086c00000, 0x00000000d5580000)
  object space 110592K, 99% used [0x0000000080000000,0x0000000086bd8930,0x0000000086c00000)
 Metaspace       used 67864K, committed 69376K, reserved 1114112K
  class space    used 7010K, committed 7680K, reserved 1048576K
}
Event: 55.118 GC heap after
{Heap after GC invocations=113 (full 3):
 PSYoungGen      total 11776K, used 1020K [0x00000000d5580000, 0x00000000d6600000, 0x0000000100000000)
  eden space 10752K, 0% used [0x00000000d5580000,0x00000000d5580000,0x00000000d6000000)
  from space 1024K, 99% used [0x00000000d6280000,0x00000000d637f010,0x00000000d6380000)
  to   space 2560K, 0% used [0x00000000d6000000,0x00000000d6000000,0x00000000d6280000)
 ParOldGen       total 111616K, used 111587K [0x0000000080000000, 0x0000000086d00000, 0x00000000d5580000)
  object space 111616K, 99% used [0x0000000080000000,0x0000000086cf8e20,0x0000000086d00000)
 Metaspace       used 67864K, committed 69376K, reserved 1114112K
  class space    used 7010K, committed 7680K, reserved 1048576K
}
Event: 55.870 GC heap before
{Heap before GC invocations=114 (full 3):
 PSYoungGen      total 11776K, used 11772K [0x00000000d5580000, 0x00000000d6600000, 0x0000000100000000)
  eden space 10752K, 100% used [0x00000000d5580000,0x00000000d6000000,0x00000000d6000000)
  from space 1024K, 99% used [0x00000000d6280000,0x00000000d637f010,0x00000000d6380000)
  to   space 2560K, 0% used [0x00000000d6000000,0x00000000d6000000,0x00000000d6280000)
 ParOldGen       total 111616K, used 111587K [0x0000000080000000, 0x0000000086d00000, 0x00000000d5580000)
  object space 111616K, 99% used [0x0000000080000000,0x0000000086cf8e20,0x0000000086d00000)
 Metaspace       used 67935K, committed 69440K, reserved 1114112K
  class space    used 7010K, committed 7680K, reserved 1048576K
}

