# JRE version: Java(TM) SE Runtime Environment (21.0.7+8) (build 21.0.7+8-LTS-245)
# Java VM: Java HotSpot(TM) 64-Bit Server VM (21.0.7+8-LTS-245, mixed mode, sharing, tiered, compressed oops, compressed class ptrs, g1 gc, windows-amd64)
GC Precious Log:
 CardTable entry size: 512
 Card Set container configuration: InlinePtr #cards 4 size 8 Array Of Cards #cards 16 size 48 Howl #buckets 8 coarsen threshold 3686 Howl Bitmap #cards 512 size 80 coarsen threshold 460 Card regions per heap region 1 cards per card region 4096
 CPUs: 8 total, 8 available
 Memory: 16000M
 Large Page Support: Disabled
 NUMA Support: Disabled
 Compressed Oops: Enabled (Zero based)
 Heap Region Size: 2M
 Heap Min Capacity: 8M
 Heap Initial Capacity: 252M
 Heap Max Capacity: 4002M
 Pre-touch: Disabled
 Parallel Workers: 8
 Concurrent Workers: 2
 Concurrent Refinement Workers: 8
 Periodic GC: Disabled
Heap:
 garbage-first heap   total 92160K, used 44461K [0x0000000705e00000, 0x0000000800000000)
  region size 2048K, 5 young (10240K), 1 survivors (2048K)
 Metaspace       used 80699K, committed 81408K, reserved 1179648K
  class space    used 11049K, committed 11392K, reserved 1048576K
GC Heap History (20 events):
Event: 2.453 GC heap before
{Heap before GC invocations=2 (full 0):
 garbage-first heap   total 258048K, used 56438K [0x0000000705e00000, 0x0000000800000000)
  region size 2048K, 24 young (49152K), 1 survivors (2048K)
 Metaspace       used 21172K, committed 21504K, reserved 1114112K
  class space    used 2769K, committed 2944K, reserved 1048576K
}
Event: 2.460 GC heap after
{Heap after GC invocations=3 (full 0):
 garbage-first heap   total 258048K, used 14763K [0x0000000705e00000, 0x0000000800000000)
  region size 2048K, 3 young (6144K), 3 survivors (6144K)
 Metaspace       used 21172K, committed 21504K, reserved 1114112K
  class space    used 2769K, committed 2944K, reserved 1048576K
}
Event: 3.871 GC heap before
{Heap before GC invocations=4 (full 0):
 garbage-first heap   total 90112K, used 59819K [0x0000000705e00000, 0x0000000800000000)
  region size 2048K, 26 young (53248K), 3 survivors (6144K)
 Metaspace       used 28237K, committed 28544K, reserved 1114112K
  class space    used 3623K, committed 3776K, reserved 1048576K
}
Event: 3.882 GC heap after
{Heap after GC invocations=5 (full 0):
 garbage-first heap   total 90112K, used 18796K [0x0000000705e00000, 0x0000000800000000)
  region size 2048K, 4 young (8192K), 4 survivors (8192K)
 Metaspace       used 28237K, committed 28544K, reserved 1114112K
  class space    used 3623K, committed 3776K, reserved 1048576K
}
Event: 5.749 GC heap before
{Heap before GC invocations=5 (full 0):
 garbage-first heap   total 90112K, used 63852K [0x0000000705e00000, 0x0000000800000000)
  region size 2048K, 26 young (53248K), 4 survivors (8192K)
 Metaspace       used 35243K, committed 35712K, reserved 1114112K
  class space    used 4595K, committed 4800K, reserved 1048576K
}
Event: 5.774 GC heap after
{Heap after GC invocations=6 (full 0):
 garbage-first heap   total 90112K, used 22499K [0x0000000705e00000, 0x0000000800000000)
  region size 2048K, 4 young (8192K), 4 survivors (8192K)
 Metaspace       used 35243K, committed 35712K, reserved 1114112K
  class space    used 4595K, committed 4800K, reserved 1048576K
}
Event: 6.429 GC heap before
{Heap before GC invocations=6 (full 0):
 garbage-first heap   total 90112K, used 34787K [0x0000000705e00000, 0x0000000800000000)
  region size 2048K, 11 young (22528K), 4 survivors (8192K)
 Metaspace       used 38782K, committed 39296K, reserved 1114112K
  class space    used 5133K, committed 5376K, reserved 1048576K
}
Event: 6.447 GC heap after
{Heap after GC invocations=7 (full 0):
 garbage-first heap   total 90112K, used 23559K [0x0000000705e00000, 0x0000000800000000)
  region size 2048K, 3 young (6144K), 3 survivors (6144K)
 Metaspace       used 38782K, committed 39296K, reserved 1114112K
  class space    used 5133K, committed 5376K, reserved 1048576K
}
Event: 8.654 GC heap before
{Heap before GC invocations=8 (full 0):
 garbage-first heap   total 90112K, used 68615K [0x0000000705e00000, 0x0000000800000000)
  region size 2048K, 26 young (53248K), 3 survivors (6144K)
 Metaspace       used 52724K, committed 53248K, reserved 1114112K
  class space    used 7039K, committed 7296K, reserved 1048576K
}
Event: 8.672 GC heap after
{Heap after GC invocations=9 (full 0):
 garbage-first heap   total 90112K, used 26136K [0x0000000705e00000, 0x0000000800000000)
  region size 2048K, 2 young (4096K), 2 survivors (4096K)
 Metaspace       used 52724K, committed 53248K, reserved 1114112K
  class space    used 7039K, committed 7296K, reserved 1048576K
}
Event: 10.391 GC heap before
{Heap before GC invocations=9 (full 0):
 garbage-first heap   total 90112K, used 73240K [0x0000000705e00000, 0x0000000800000000)
  region size 2048K, 26 young (53248K), 2 survivors (4096K)
 Metaspace       used 61561K, committed 62144K, reserved 1114112K
  class space    used 8361K, committed 8640K, reserved 1048576K
}
Event: 10.404 GC heap after
{Heap after GC invocations=10 (full 0):
 garbage-first heap   total 90112K, used 29432K [0x0000000705e00000, 0x0000000800000000)
  region size 2048K, 4 young (8192K), 4 survivors (8192K)
 Metaspace       used 61561K, committed 62144K, reserved 1114112K
  class space    used 8361K, committed 8640K, reserved 1048576K
}
Event: 10.886 GC heap before
{Heap before GC invocations=10 (full 0):
 garbage-first heap   total 90112K, used 43768K [0x0000000705e00000, 0x0000000800000000)
  region size 2048K, 12 young (24576K), 4 survivors (8192K)
 Metaspace       used 65214K, committed 65728K, reserved 1114112K
  class space    used 8833K, committed 9088K, reserved 1048576K
}
Event: 10.899 GC heap after
{Heap after GC invocations=11 (full 0):
 garbage-first heap   total 90112K, used 30117K [0x0000000705e00000, 0x0000000800000000)
  region size 2048K, 2 young (4096K), 2 survivors (4096K)
 Metaspace       used 65214K, committed 65728K, reserved 1114112K
  class space    used 8833K, committed 9088K, reserved 1048576K
}
Event: 16.754 GC heap before
{Heap before GC invocations=12 (full 0):
 garbage-first heap   total 90112K, used 77221K [0x0000000705e00000, 0x0000000800000000)
  region size 2048K, 25 young (51200K), 2 survivors (4096K)
 Metaspace       used 74592K, committed 75200K, reserved 1179648K
  class space    used 10066K, committed 10304K, reserved 1048576K
}
Event: 16.765 GC heap after
{Heap after GC invocations=13 (full 0):
 garbage-first heap   total 90112K, used 34511K [0x0000000705e00000, 0x0000000800000000)
  region size 2048K, 4 young (8192K), 4 survivors (8192K)
 Metaspace       used 74592K, committed 75200K, reserved 1179648K
  class space    used 10066K, committed 10304K, reserved 1048576K
}
Event: 17.795 GC heap before
{Heap before GC invocations=13 (full 0):
 garbage-first heap   total 90112K, used 73423K [0x0000000705e00000, 0x0000000800000000)
  region size 2048K, 24 young (49152K), 4 survivors (8192K)
 Metaspace       used 78135K, committed 78784K, reserved 1179648K
  class space    used 10743K, committed 11008K, reserved 1048576K
}
Event: 17.806 GC heap after
{Heap after GC invocations=14 (full 0):
 garbage-first heap   total 92160K, used 38307K [0x0000000705e00000, 0x0000000800000000)
  region size 2048K, 3 young (6144K), 3 survivors (6144K)
 Metaspace       used 78135K, committed 78784K, reserved 1179648K
  class space    used 10743K, committed 11008K, reserved 1048576K
}
Event: 18.685 GC heap before
{Heap before GC invocations=14 (full 0):
 garbage-first heap   total 92160K, used 77219K [0x0000000705e00000, 0x0000000800000000)
  region size 2048K, 22 young (45056K), 3 survivors (6144K)
 Metaspace       used 80092K, committed 80768K, reserved 1179648K
  class space    used 10982K, committed 11264K, reserved 1048576K
}
Event: 18.692 GC heap after
{Heap after GC invocations=15 (full 0):
 garbage-first heap   total 92160K, used 38317K [0x0000000705e00000, 0x0000000800000000)
  region size 2048K, 1 young (2048K), 1 survivors (2048K)
 Metaspace       used 80092K, committed 80768K, reserved 1179648K
  class space    used 10982K, committed 11264K, reserved 1048576K
}

