# JRE version: OpenJDK Runtime Environment Temurin-21.0.10+7 (21.0.10+7) (build 21.0.10+7-LTS)
# Java VM: OpenJDK 64-Bit Server VM Temurin-21.0.10+7 (21.0.10+7-LTS, mixed mode, sharing, tiered, compressed oops, compressed class ptrs, parallel gc, windows-amd64)
GC Precious Log:
 CardTable entry size: 512
 CPUs: 8 total, 8 available
 Memory: 16000M
 Large Page Support: Disabled
 NUMA Support: Disabled
 Compressed Oops: Enabled (32-bit)
 Alignments: Space 512K, Generation 512K, Heap 2M
 Heap Min Capacity: 100M
 Heap Initial Capacity: 100M
 Heap Max Capacity: 2G
 Pre-touch: Disabled
 Parallel Workers: 8
Heap:
 PSYoungGen      total 3072K, used 1930K [0x00000000d5580000, 0x00000000d5980000, 0x0000000100000000)
  eden space 2560K, 59% used [0x00000000d5580000,0x00000000d56faba0,0x00000000d5800000)
  from space 512K, 81% used [0x00000000d5880000,0x00000000d58e8000,0x00000000d5900000)
  to   space 512K, 0% used [0x00000000d5900000,0x00000000d5900000,0x00000000d5980000)
 ParOldGen       total 844800K, used 230339K [0x0000000080000000, 0x00000000b3900000, 0x00000000d5580000)
  object space 844800K, 27% used [0x0000000080000000,0x000000008e0f0e50,0x00000000b3900000)
 Metaspace       used 77223K, committed 78784K, reserved 1179648K
  class space    used 7994K, committed 8704K, reserved 1048576K
GC Heap History (20 events):
Event: 1317.963 GC heap before
{Heap before GC invocations=1536 (full 4):
 PSYoungGen      total 3072K, used 2997K [0x00000000d5580000, 0x00000000d5980000, 0x0000000100000000)
  eden space 2560K, 99% used [0x00000000d5580000,0x00000000d57fd6e0,0x00000000d5800000)
  from space 512K, 87% used [0x00000000d5800000,0x00000000d5870000,0x00000000d5880000)
  to   space 512K, 0% used [0x00000000d5900000,0x00000000d5900000,0x00000000d5980000)
 ParOldGen       total 844800K, used 226812K [0x0000000080000000, 0x00000000b3900000, 0x00000000d5580000)
  object space 844800K, 26% used [0x0000000080000000,0x000000008dd7f158,0x00000000b3900000)
 Metaspace       used 76763K, committed 78336K, reserved 1179648K
  class space    used 7919K, committed 8640K, reserved 1048576K
}
Event: 1318.012 GC heap after
{Heap after GC invocations=1536 (full 4):
 PSYoungGen      total 3072K, used 502K [0x00000000d5580000, 0x00000000d5a00000, 0x0000000100000000)
  eden space 2560K, 0% used [0x00000000d5580000,0x00000000d5580000,0x00000000d5800000)
  from space 512K, 98% used [0x00000000d5900000,0x00000000d597d828,0x00000000d5980000)
  to   space 1024K, 0% used [0x00000000d5800000,0x00000000d5800000,0x00000000d5900000)
 ParOldGen       total 844800K, used 227114K [0x0000000080000000, 0x00000000b3900000, 0x00000000d5580000)
  object space 844800K, 26% used [0x0000000080000000,0x000000008ddca8d8,0x00000000b3900000)
 Metaspace       used 76763K, committed 78336K, reserved 1179648K
  class space    used 7919K, committed 8640K, reserved 1048576K
}
Event: 1318.325 GC heap before
{Heap before GC invocations=1537 (full 4):
 PSYoungGen      total 3072K, used 3062K [0x00000000d5580000, 0x00000000d5a00000, 0x0000000100000000)
  eden space 2560K, 100% used [0x00000000d5580000,0x00000000d5800000,0x00000000d5800000)
  from space 512K, 98% used [0x00000000d5900000,0x00000000d597d828,0x00000000d5980000)
  to   space 1024K, 0% used [0x00000000d5800000,0x00000000d5800000,0x00000000d5900000)
 ParOldGen       total 844800K, used 227114K [0x0000000080000000, 0x00000000b3900000, 0x00000000d5580000)
  object space 844800K, 26% used [0x0000000080000000,0x000000008ddca8d8,0x00000000b3900000)
 Metaspace       used 76922K, committed 78400K, reserved 1179648K
  class space    used 7958K, committed 8640K, reserved 1048576K
}
Event: 1318.327 GC heap after
{Heap after GC invocations=1537 (full 4):
 PSYoungGen      total 3584K, used 618K [0x00000000d5580000, 0x00000000d5a00000, 0x0000000100000000)
  eden space 2560K, 0% used [0x00000000d5580000,0x00000000d5580000,0x00000000d5800000)
  from space 1024K, 60% used [0x00000000d5800000,0x00000000d589a910,0x00000000d5900000)
  to   space 1024K, 0% used [0x00000000d5900000,0x00000000d5900000,0x00000000d5a00000)
 ParOldGen       total 844800K, used 227307K [0x0000000080000000, 0x00000000b3900000, 0x00000000d5580000)
  object space 844800K, 26% used [0x0000000080000000,0x000000008ddfac60,0x00000000b3900000)
 Metaspace       used 76922K, committed 78400K, reserved 1179648K
  class space    used 7958K, committed 8640K, reserved 1048576K
}
Event: 1318.395 GC heap before
{Heap before GC invocations=1538 (full 4):
 PSYoungGen      total 3584K, used 3178K [0x00000000d5580000, 0x00000000d5a00000, 0x0000000100000000)
  eden space 2560K, 100% used [0x00000000d5580000,0x00000000d5800000,0x00000000d5800000)
  from space 1024K, 60% used [0x00000000d5800000,0x00000000d589a910,0x00000000d5900000)
  to   space 1024K, 0% used [0x00000000d5900000,0x00000000d5900000,0x00000000d5a00000)
 ParOldGen       total 844800K, used 227307K [0x0000000080000000, 0x00000000b3900000, 0x00000000d5580000)
  object space 844800K, 26% used [0x0000000080000000,0x000000008ddfac60,0x00000000b3900000)
 Metaspace       used 76972K, committed 78528K, reserved 1179648K
  class space    used 7963K, committed 8704K, reserved 1048576K
}
Event: 1318.398 GC heap after
{Heap after GC invocations=1538 (full 4):
 PSYoungGen      total 3072K, used 448K [0x00000000d5580000, 0x00000000d5980000, 0x0000000100000000)
  eden space 2560K, 0% used [0x00000000d5580000,0x00000000d5580000,0x00000000d5800000)
  from space 512K, 87% used [0x00000000d5900000,0x00000000d5970000,0x00000000d5980000)
  to   space 512K, 0% used [0x00000000d5880000,0x00000000d5880000,0x00000000d5900000)
 ParOldGen       total 844800K, used 227736K [0x0000000080000000, 0x00000000b3900000, 0x00000000d5580000)
  object space 844800K, 26% used [0x0000000080000000,0x000000008de66140,0x00000000b3900000)
 Metaspace       used 76972K, committed 78528K, reserved 1179648K
  class space    used 7963K, committed 8704K, reserved 1048576K
}
Event: 1318.419 GC heap before
{Heap before GC invocations=1539 (full 4):
 PSYoungGen      total 3072K, used 3008K [0x00000000d5580000, 0x00000000d5980000, 0x0000000100000000)
  eden space 2560K, 100% used [0x00000000d5580000,0x00000000d5800000,0x00000000d5800000)
  from space 512K, 87% used [0x00000000d5900000,0x00000000d5970000,0x00000000d5980000)
  to   space 512K, 0% used [0x00000000d5880000,0x00000000d5880000,0x00000000d5900000)
 ParOldGen       total 844800K, used 227736K [0x0000000080000000, 0x00000000b3900000, 0x00000000d5580000)
  object space 844800K, 26% used [0x0000000080000000,0x000000008de66140,0x00000000b3900000)
 Metaspace       used 76985K, committed 78528K, reserved 1179648K
  class space    used 7963K, committed 8704K, reserved 1048576K
}
Event: 1318.422 GC heap after
{Heap after GC invocations=1539 (full 4):
 PSYoungGen      total 3072K, used 512K [0x00000000d5580000, 0x00000000d5a00000, 0x0000000100000000)
  eden space 2560K, 0% used [0x00000000d5580000,0x00000000d5580000,0x00000000d5800000)
  from space 512K, 100% used [0x00000000d5880000,0x00000000d5900000,0x00000000d5900000)
  to   space 1024K, 0% used [0x00000000d5900000,0x00000000d5900000,0x00000000d5a00000)
 ParOldGen       total 844800K, used 228049K [0x0000000080000000, 0x00000000b3900000, 0x00000000d5580000)
  object space 844800K, 26% used [0x0000000080000000,0x000000008deb4550,0x00000000b3900000)
 Metaspace       used 76985K, committed 78528K, reserved 1179648K
  class space    used 7963K, committed 8704K, reserved 1048576K
}
Event: 1318.452 GC heap before
{Heap before GC invocations=1540 (full 4):
 PSYoungGen      total 3072K, used 3072K [0x00000000d5580000, 0x00000000d5a00000, 0x0000000100000000)
  eden space 2560K, 100% used [0x00000000d5580000,0x00000000d5800000,0x00000000d5800000)
  from space 512K, 100% used [0x00000000d5880000,0x00000000d5900000,0x00000000d5900000)
  to   space 1024K, 0% used [0x00000000d5900000,0x00000000d5900000,0x00000000d5a00000)
 ParOldGen       total 844800K, used 228049K [0x0000000080000000, 0x00000000b3900000, 0x00000000d5580000)
  object space 844800K, 26% used [0x0000000080000000,0x000000008deb4550,0x00000000b3900000)
 Metaspace       used 76985K, committed 78528K, reserved 1179648K
  class space    used 7963K, committed 8704K, reserved 1048576K
}
Event: 1318.455 GC heap after
{Heap after GC invocations=1540 (full 4):
 PSYoungGen      total 3072K, used 416K [0x00000000d5580000, 0x00000000d5980000, 0x0000000100000000)
  eden space 2560K, 0% used [0x00000000d5580000,0x00000000d5580000,0x00000000d5800000)
  from space 512K, 81% used [0x00000000d5900000,0x00000000d5968000,0x00000000d5980000)
  to   space 512K, 0% used [0x00000000d5880000,0x00000000d5880000,0x00000000d5900000)
 ParOldGen       total 844800K, used 228437K [0x0000000080000000, 0x00000000b3900000, 0x00000000d5580000)
  object space 844800K, 27% used [0x0000000080000000,0x000000008df157d8,0x00000000b3900000)
 Metaspace       used 76985K, committed 78528K, reserved 1179648K
  class space    used 7963K, committed 8704K, reserved 1048576K
}
Event: 1318.464 GC heap before
{Heap before GC invocations=1541 (full 4):
 PSYoungGen      total 3072K, used 2962K [0x00000000d5580000, 0x00000000d5980000, 0x0000000100000000)
  eden space 2560K, 99% used [0x00000000d5580000,0x00000000d57fc920,0x00000000d5800000)
  from space 512K, 81% used [0x00000000d5900000,0x00000000d5968000,0x00000000d5980000)
  to   space 512K, 0% used [0x00000000d5880000,0x00000000d5880000,0x00000000d5900000)
 ParOldGen       total 844800K, used 228437K [0x0000000080000000, 0x00000000b3900000, 0x00000000d5580000)
  object space 844800K, 27% used [0x0000000080000000,0x000000008df157d8,0x00000000b3900000)
 Metaspace       used 76987K, committed 78528K, reserved 1179648K
  class space    used 7963K, committed 8704K, reserved 1048576K
}
Event: 1318.467 GC heap after
{Heap after GC invocations=1541 (full 4):
 PSYoungGen      total 3072K, used 288K [0x00000000d5580000, 0x00000000d5980000, 0x0000000100000000)
  eden space 2560K, 0% used [0x00000000d5580000,0x00000000d5580000,0x00000000d5800000)
  from space 512K, 56% used [0x00000000d5880000,0x00000000d58c8000,0x00000000d5900000)
  to   space 512K, 0% used [0x00000000d5900000,0x00000000d5900000,0x00000000d5980000)
 ParOldGen       total 844800K, used 228749K [0x0000000080000000, 0x00000000b3900000, 0x00000000d5580000)
  object space 844800K, 27% used [0x0000000080000000,0x000000008df637d8,0x00000000b3900000)
 Metaspace       used 76987K, committed 78528K, reserved 1179648K
  class space    used 7963K, committed 8704K, reserved 1048576K
}
Event: 1318.489 GC heap before
{Heap before GC invocations=1542 (full 4):
 PSYoungGen      total 3072K, used 2848K [0x00000000d5580000, 0x00000000d5980000, 0x0000000100000000)
  eden space 2560K, 100% used [0x00000000d5580000,0x00000000d5800000,0x00000000d5800000)
  from space 512K, 56% used [0x00000000d5880000,0x00000000d58c8000,0x00000000d5900000)
  to   space 512K, 0% used [0x00000000d5900000,0x00000000d5900000,0x00000000d5980000)
 ParOldGen       total 844800K, used 228749K [0x0000000080000000, 0x00000000b3900000, 0x00000000d5580000)
  object space 844800K, 27% used [0x0000000080000000,0x000000008df637d8,0x00000000b3900000)
 Metaspace       used 77045K, committed 78592K, reserved 1179648K
  class space    used 7966K, committed 8704K, reserved 1048576K
}
Event: 1318.492 GC heap after
{Heap after GC invocations=1542 (full 4):
 PSYoungGen      total 3072K, used 448K [0x00000000d5580000, 0x00000000d5980000, 0x0000000100000000)
  eden space 2560K, 0% used [0x00000000d5580000,0x00000000d5580000,0x00000000d5800000)
  from space 512K, 87% used [0x00000000d5900000,0x00000000d5970000,0x00000000d5980000)
  to   space 512K, 0% used [0x00000000d5880000,0x00000000d5880000,0x00000000d5900000)
 ParOldGen       total 844800K, used 228854K [0x0000000080000000, 0x00000000b3900000, 0x00000000d5580000)
  object space 844800K, 27% used [0x0000000080000000,0x000000008df7daa8,0x00000000b3900000)
 Metaspace       used 77045K, committed 78592K, reserved 1179648K
  class space    used 7966K, committed 8704K, reserved 1048576K
}
Event: 1318.535 GC heap before
{Heap before GC invocations=1543 (full 4):
 PSYoungGen      total 3072K, used 3008K [0x00000000d5580000, 0x00000000d5980000, 0x0000000100000000)
  eden space 2560K, 100% used [0x00000000d5580000,0x00000000d5800000,0x00000000d5800000)
  from space 512K, 87% used [0x00000000d5900000,0x00000000d5970000,0x00000000d5980000)
  to   space 512K, 0% used [0x00000000d5880000,0x00000000d5880000,0x00000000d5900000)
 ParOldGen       total 844800K, used 228854K [0x0000000080000000, 0x00000000b3900000, 0x00000000d5580000)
  object space 844800K, 27% used [0x0000000080000000,0x000000008df7daa8,0x00000000b3900000)
 Metaspace       used 77097K, committed 78656K, reserved 1179648K
  class space    used 7973K, committed 8704K, reserved 1048576K
}
Event: 1318.538 GC heap after
{Heap after GC invocations=1543 (full 4):
 PSYoungGen      total 3072K, used 416K [0x00000000d5580000, 0x00000000d5980000, 0x0000000100000000)
  eden space 2560K, 0% used [0x00000000d5580000,0x00000000d5580000,0x00000000d5800000)
  from space 512K, 81% used [0x00000000d5880000,0x00000000d58e8000,0x00000000d5900000)
  to   space 512K, 0% used [0x00000000d5900000,0x00000000d5900000,0x00000000d5980000)
 ParOldGen       total 844800K, used 228958K [0x0000000080000000, 0x00000000b3900000, 0x00000000d5580000)
  object space 844800K, 27% used [0x0000000080000000,0x000000008df97aa8,0x00000000b3900000)
 Metaspace       used 77097K, committed 78656K, reserved 1179648K
  class space    used 7973K, committed 8704K, reserved 1048576K
}
Event: 1318.563 GC heap before
{Heap before GC invocations=1544 (full 4):
 PSYoungGen      total 3072K, used 2976K [0x00000000d5580000, 0x00000000d5980000, 0x0000000100000000)
  eden space 2560K, 100% used [0x00000000d5580000,0x00000000d5800000,0x00000000d5800000)
  from space 512K, 81% used [0x00000000d5880000,0x00000000d58e8000,0x00000000d5900000)
  to   space 512K, 0% used [0x00000000d5900000,0x00000000d5900000,0x00000000d5980000)
 ParOldGen       total 844800K, used 228958K [0x0000000080000000, 0x00000000b3900000, 0x00000000d5580000)
  object space 844800K, 27% used [0x0000000080000000,0x000000008df97aa8,0x00000000b3900000)
 Metaspace       used 77119K, committed 78656K, reserved 1179648K
  class space    used 7977K, committed 8704K, reserved 1048576K
}
Event: 1318.565 GC heap after
{Heap after GC invocations=1544 (full 4):
 PSYoungGen      total 3072K, used 420K [0x00000000d5580000, 0x00000000d5980000, 0x0000000100000000)
  eden space 2560K, 0% used [0x00000000d5580000,0x00000000d5580000,0x00000000d5800000)
  from space 512K, 82% used [0x00000000d5900000,0x00000000d5969210,0x00000000d5980000)
  to   space 512K, 0% used [0x00000000d5880000,0x00000000d5880000,0x00000000d5900000)
 ParOldGen       total 844800K, used 229230K [0x0000000080000000, 0x00000000b3900000, 0x00000000d5580000)
  object space 844800K, 27% used [0x0000000080000000,0x000000008dfdbac8,0x00000000b3900000)
 Metaspace       used 77119K, committed 78656K, reserved 1179648K
  class space    used 7977K, committed 8704K, reserved 1048576K
}
Event: 1318.576 GC heap before
{Heap before GC invocations=1545 (full 4):
 PSYoungGen      total 3072K, used 2980K [0x00000000d5580000, 0x00000000d5980000, 0x0000000100000000)
  eden space 2560K, 100% used [0x00000000d5580000,0x00000000d5800000,0x00000000d5800000)
  from space 512K, 82% used [0x00000000d5900000,0x00000000d5969210,0x00000000d5980000)
  to   space 512K, 0% used [0x00000000d5880000,0x00000000d5880000,0x00000000d5900000)
 ParOldGen       total 844800K, used 229230K [0x0000000080000000, 0x00000000b3900000, 0x00000000d5580000)
  object space 844800K, 27% used [0x0000000080000000,0x000000008dfdbac8,0x00000000b3900000)
 Metaspace       used 77136K, committed 78656K, reserved 1179648K
  class space    used 7978K, committed 8704K, reserved 1048576K
}
Event: 1318.580 GC heap after
{Heap after GC invocations=1545 (full 4):
 PSYoungGen      total 3072K, used 491K [0x00000000d5580000, 0x00000000d5980000, 0x0000000100000000)
  eden space 2560K, 0% used [0x00000000d5580000,0x00000000d5580000,0x00000000d5800000)
  from space 512K, 96% used [0x00000000d5880000,0x00000000d58fae98,0x00000000d5900000)
  to   space 512K, 0% used [0x00000000d5900000,0x00000000d5900000,0x00000000d5980000)
 ParOldGen       total 844800K, used 229539K [0x0000000080000000, 0x00000000b3900000, 0x00000000d5580000)
  object space 844800K, 27% used [0x0000000080000000,0x000000008e028cd8,0x00000000b3900000)
 Metaspace       used 77136K, committed 78656K, reserved 1179648K
  class space    used 7978K, committed 8704K, reserved 1048576K
}

